<?xml version="1.0" encoding="UTF-8"?>
<!-- Generated by org.testng.reporters.JUnitReportReporter -->
<testsuite hostname="TONU" failures="0" tests="1" name="testcases.Login_page_test" time="152.924" errors="0" timestamp="2023-11-08T23:59:15 BDT" skipped="0">
  <testcase classname="testcases.Login_page_test" name="test1" time="152.924"/>
</testsuite> <!-- testcases.Login_page_test -->
